TN:
SF:script/DeploySocialMedia.s.sol
FN:10,DeploySocialMedia.run
FNDA:19,DeploySocialMedia.run
DA:11,19
DA:11,19
DA:12,19
DA:12,19
DA:13,19
DA:13,19
DA:15,19
DA:15,19
FNF:1
FNH:1
LF:4
LH:4
BRF:0
BRH:0
end_of_record
TN:
SF:script/Interactions.s.sol
FN:66,LikePost.run
FNDA:0,LikePost.run
DA:67,0
DA:67,0
DA:67,0
DA:68,0
DA:68,0
FN:71,LikePost.likePost
FNDA:1,LikePost.likePost
DA:76,1
DA:76,1
DA:77,1
DA:77,1
DA:78,1
DA:78,1
FN:83,DislikePost.run
FNDA:0,DislikePost.run
DA:84,0
DA:84,0
DA:84,0
DA:85,0
DA:85,0
FN:88,DislikePost.dislikePost
FNDA:1,DislikePost.dislikePost
DA:93,1
DA:93,1
DA:94,1
DA:94,1
DA:95,1
DA:95,1
FN:49,MakeComment.run
FNDA:0,MakeComment.run
DA:50,0
DA:50,0
DA:50,0
DA:51,0
DA:51,0
FN:54,MakeComment.createComment
FNDA:1,MakeComment.createComment
DA:59,1
DA:59,1
DA:60,1
DA:60,1
DA:61,1
DA:61,1
FN:30,MakePost.run
FNDA:0,MakePost.run
DA:31,0
DA:31,0
DA:31,0
DA:32,0
DA:32,0
FN:35,MakePost.createPost
FNDA:6,MakePost.createPost
DA:40,6
DA:40,6
DA:41,6
DA:41,6
DA:42,6
DA:42,6
FN:11,RegisterUser.run
FNDA:0,RegisterUser.run
DA:12,0
DA:12,0
DA:12,0
DA:13,0
DA:13,0
FN:16,RegisterUser.registerUser
FNDA:0,RegisterUser.registerUser
DA:21,0
DA:21,0
DA:22,0
DA:22,0
DA:23,0
DA:23,0
FNF:10
FNH:4
LF:25
LH:12
BRF:0
BRH:0
end_of_record
TN:
SF:src/SocialMedia.sol
FN:48,SocialMedia.isRegisteredUser
FNDA:4,SocialMedia.isRegisteredUser
DA:49,4
DA:49,4
DA:49,4
BRDA:49,0,0,-
BRDA:49,0,1,2
DA:50,1
DA:50,1
FN:55,SocialMedia.isPostExists
FNDA:3,SocialMedia.isPostExists
DA:56,3
DA:56,3
DA:56,3
BRDA:56,1,0,1
BRDA:56,1,1,2
DA:57,1
DA:57,1
FN:62,SocialMedia.isUserExist
FNDA:20,SocialMedia.isUserExist
DA:63,20
DA:63,20
DA:63,20
BRDA:63,2,0,1
BRDA:63,2,1,19
DA:64,1
DA:64,1
FN:69,SocialMedia.registerUser
FNDA:20,SocialMedia.registerUser
DA:75,19
DA:75,19
DA:75,19
DA:76,19
DA:76,19
DA:78,19
DA:78,19
FN:81,SocialMedia.createPost
FNDA:16,SocialMedia.createPost
DA:86,15
DA:86,15
DA:86,15
DA:88,15
DA:88,15
DA:89,15
DA:89,15
DA:90,15
DA:90,15
DA:92,15
DA:92,15
FN:95,SocialMedia.createComment
FNDA:4,SocialMedia.createComment
DA:101,2
DA:101,2
DA:101,2
DA:103,2
DA:103,2
DA:104,2
DA:104,2
DA:105,2
DA:105,2
DA:106,2
DA:106,2
DA:108,2
DA:108,2
FN:111,SocialMedia.likePost
FNDA:4,SocialMedia.likePost
DA:116,2
DA:116,2
DA:118,2
DA:118,2
FN:121,SocialMedia.dislikePost
FNDA:4,SocialMedia.dislikePost
DA:126,2
DA:126,2
DA:128,2
DA:128,2
FN:133,SocialMedia.getPost
FNDA:4,SocialMedia.getPost
DA:140,4
DA:140,4
FN:143,SocialMedia.getPostAndComments
FNDA:0,SocialMedia.getPostAndComments
DA:156,0
DA:156,0
DA:157,0
DA:157,0
FN:160,SocialMedia.getUser
FNDA:1,SocialMedia.getUser
DA:161,1
DA:161,1
FN:164,SocialMedia.getPostsFromAUser
FNDA:0,SocialMedia.getPostsFromAUser
DA:169,0
DA:169,0
FN:172,SocialMedia.getUserPosts
FNDA:2,SocialMedia.getUserPosts
DA:177,2
DA:177,2
FN:180,SocialMedia.getComments
FNDA:1,SocialMedia.getComments
DA:185,1
DA:185,1
FN:188,SocialMedia.getPostCount
FNDA:1,SocialMedia.getPostCount
DA:192,1
DA:192,1
FNF:15
FNH:13
LF:32
LH:29
BRF:6
BRH:5
end_of_record
